{"numTotalTestSuites":48,"numPassedTestSuites":30,"numFailedTestSuites":18,"numPendingTestSuites":0,"numTotalTests":70,"numPassedTests":57,"numFailedTests":13,"numPendingTests":0,"numTodoTests":0,"snapshot":{"added":0,"failure":false,"filesAdded":0,"filesRemoved":0,"filesRemovedList":[],"filesUnmatched":0,"filesUpdated":0,"matched":0,"total":0,"unchecked":0,"uncheckedKeysByFile":[],"unmatched":0,"updated":0,"didUpdate":false},"startTime":1784371803843,"success":false,"testResults":[{"assertionResults":[{"ancestorTitles":["ActiveOrdersGrid"],"fullName":"ActiveOrdersGrid renders the active orders header with correct count","status":"passed","title":"renders the active orders header with correct count","duration":35.645100000008824,"failureMessages":[],"meta":{},"tags":[]},{"ancestorTitles":["ActiveOrdersGrid"],"fullName":"ActiveOrdersGrid displays the empty state when there are no active orders","status":"passed","title":"displays the empty state when there are no active orders","duration":3.1547999999893364,"failureMessages":[],"meta":{},"tags":[]},{"ancestorTitles":["ActiveOrdersGrid"],"fullName":"ActiveOrdersGrid renders order details including items, tips, and notes correctly","status":"passed","title":"renders order details including items, tips, and notes correctly","duration":11.712599999998929,"failureMessages":[],"meta":{},"tags":[]},{"ancestorTitles":["ActiveOrdersGrid"],"fullName":"ActiveOrdersGrid calls onClaimOrder when the Claim/Accept button is clicked","status":"passed","title":"calls onClaimOrder when the Claim/Accept button is clicked","duration":17.898000000001048,"failureMessages":[],"meta":{},"tags":[]}],"startTime":1784371910351,"endTime":1784371910419.898,"status":"passed","message":"","name":"D:/pacy_labs/ourmenu/__tests__/active-orders-grid.test.tsx"},{"assertionResults":[{"ancestorTitles":["Affiliate Earnings"],"fullName":"Affiliate Earnings calculates 10% standard commission correctly","status":"passed","title":"calculates 10% standard commission correctly","duration":1.20240000000922,"failureMessages":[],"meta":{},"tags":[]},{"ancestorTitles":["Affiliate Earnings"],"fullName":"Affiliate Earnings calculates custom higher commissions correctly","status":"passed","title":"calculates custom higher commissions correctly","duration":0.1994999999878928,"failureMessages":[],"meta":{},"tags":[]},{"ancestorTitles":["Affiliate Earnings"],"fullName":"Affiliate Earnings handles small fractional amounts safely using floor","status":"passed","title":"handles small fractional amounts safely using floor","duration":0.14280000000144355,"failureMessages":[],"meta":{},"tags":[]}],"startTime":1784371859959,"endTime":1784371859961.1995,"status":"passed","message":"","name":"D:/pacy_labs/ourmenu/__tests__/affiliates.test.ts"},{"assertionResults":[{"ancestorTitles":["AI Personas Logic","getBusinessMode"],"fullName":"AI Personas Logic getBusinessMode returns catalog_table_service when catalog and table_service","status":"passed","title":"returns catalog_table_service when catalog and table_service","duration":1.1621000000013737,"failureMessages":[],"meta":{},"tags":[]},{"ancestorTitles":["AI Personas Logic","getBusinessMode"],"fullName":"AI Personas Logic getBusinessMode returns catalog_standard_checkout when catalog but not table_service","status":"passed","title":"returns catalog_standard_checkout when catalog but not table_service","duration":0.18469999999797437,"failureMessages":[],"meta":{},"tags":[]},{"ancestorTitles":["AI Personas Logic","getBusinessMode"],"fullName":"AI Personas Logic getBusinessMode handles booking presets correctly","status":"passed","title":"handles booking presets correctly","duration":0.16490000000339933,"failureMessages":[],"meta":{},"tags":[]},{"ancestorTitles":["AI Personas Logic","getBusinessMode"],"fullName":"AI Personas Logic getBusinessMode returns custom for unknown templates","status":"passed","title":"returns custom for unknown templates","duration":0.11409999999159481,"failureMessages":[],"meta":{},"tags":[]},{"ancestorTitles":["AI Personas Logic","resolvePersona"],"fullName":"AI Personas Logic resolvePersona returns default persona when no custom name is provided","status":"passed","title":"returns default persona when no custom name is provided","duration":0.13710000000719447,"failureMessages":[],"meta":{},"tags":[]},{"ancestorTitles":["AI Personas Logic","resolvePersona"],"fullName":"AI Personas Logic resolvePersona overrides defaultName when custom name is provided","status":"passed","title":"overrides defaultName when custom name is provided","duration":0.12459999999555293,"failureMessages":[],"meta":{},"tags":[]}],"startTime":1784371859786,"endTime":1784371859788.1372,"status":"passed","message":"","name":"D:/pacy_labs/ourmenu/__tests__/ai-personas.test.ts"},{"assertionResults":[{"ancestorTitles":["Booking Flow (updateBookingStatus)"],"fullName":"Booking Flow (updateBookingStatus) fails if not authenticated","status":"passed","title":"fails if not authenticated","duration":2.3416999999972177,"failureMessages":[],"meta":{},"tags":[]},{"ancestorTitles":["Booking Flow (updateBookingStatus)"],"fullName":"Booking Flow (updateBookingStatus) updates booking to paid successfully","status":"passed","title":"updates booking to paid successfully","duration":3.7197999999989406,"failureMessages":[],"meta":{},"tags":[]},{"ancestorTitles":["Booking Flow (updateBookingStatus)"],"fullName":"Booking Flow (updateBookingStatus) cancels booking successfully","status":"passed","title":"cancels booking successfully","duration":0.9349999999976717,"failureMessages":[],"meta":{},"tags":[]}],"startTime":1784371856859,"endTime":1784371856865.935,"status":"passed","message":"","name":"D:/pacy_labs/ourmenu/__tests__/bookings.test.ts"},{"assertionResults":[{"ancestorTitles":["Cart Store"],"fullName":"Cart Store should initialize with an empty cart","status":"passed","title":"should initialize with an empty cart","duration":2.2911999999996624,"failureMessages":[],"meta":{},"tags":[]},{"ancestorTitles":["Cart Store"],"fullName":"Cart Store should add a new item with quantity 1","status":"failed","title":"should add a new item with quantity 1","duration":7.422500000000582,"failureMessages":["AssertionError: expected { id: 'item-1', …(5) } to deeply equal { id: 'item-1', name: 'Burger', …(2) }\n    at D:/pacy_labs/ourmenu/__tests__/cart-store.test.ts:27:28\n    at file:///D:/pacy_labs/ourmenu/node_modules/.pnpm/@vitest+runner@4.1.9/node_modules/@vitest/runner/dist/chunk-artifact.js:302:11\n    at file:///D:/pacy_labs/ourmenu/node_modules/.pnpm/@vitest+runner@4.1.9/node_modules/@vitest/runner/dist/chunk-artifact.js:1903:26\n    at file:///D:/pacy_labs/ourmenu/node_modules/.pnpm/@vitest+runner@4.1.9/node_modules/@vitest/runner/dist/chunk-artifact.js:2326:20\n    at new Promise (<anonymous>)\n    at runWithCancel (file:///D:/pacy_labs/ourmenu/node_modules/.pnpm/@vitest+runner@4.1.9/node_modules/@vitest/runner/dist/chunk-artifact.js:2323:10)\n    at file:///D:/pacy_labs/ourmenu/node_modules/.pnpm/@vitest+runner@4.1.9/node_modules/@vitest/runner/dist/chunk-artifact.js:2305:20\n    at new Promise (<anonymous>)\n    at runWithTimeout (file:///D:/pacy_labs/ourmenu/node_modules/.pnpm/@vitest+runner@4.1.9/node_modules/@vitest/runner/dist/chunk-artifact.js:2272:10)\n    at file:///D:/pacy_labs/ourmenu/node_modules/.pnpm/@vitest+runner@4.1.9/node_modules/@vitest/runner/dist/chunk-artifact.js:2955:64"],"meta":{},"tags":[]},{"ancestorTitles":["Cart Store"],"fullName":"Cart Store should increment quantity if item already exists","status":"passed","title":"should increment quantity if item already exists","duration":0.5354999999981374,"failureMessages":[],"meta":{},"tags":[]},{"ancestorTitles":["Cart Store"],"fullName":"Cart Store should remove an item by id","status":"passed","title":"should remove an item by id","duration":0.48550000000250293,"failureMessages":[],"meta":{},"tags":[]},{"ancestorTitles":["Cart Store"],"fullName":"Cart Store should calculate the total amount correctly","status":"passed","title":"should calculate the total amount correctly","duration":0.4110000000000582,"failureMessages":[],"meta":{},"tags":[]},{"ancestorTitles":["Cart Store"],"fullName":"Cart Store should handle spinner discount state","status":"passed","title":"should handle spinner discount state","duration":0.27449999999953434,"failureMessages":[],"meta":{},"tags":[]}],"startTime":1784371850467,"endTime":1784371850478.4856,"status":"failed","message":"","name":"D:/pacy_labs/ourmenu/__tests__/cart-store.test.ts"},{"assertionResults":[{"ancestorTitles":["Credit System","chargeCredits (Atomic RPC)"],"fullName":"Credit System chargeCredits (Atomic RPC) successfully charges credits via RPC","status":"failed","title":"successfully charges credits via RPC","duration":4.585000000006403,"failureMessages":["AssertionError: expected \"vi.fn()\" to be called with arguments: [ 'charge_credits_atomic', { …(4) } ]\u001b[90m\n\nNumber of calls: \u001b[1m0\u001b[22m\n\u001b[39m\n    at Proxy.<anonymous> (file:///D:/pacy_labs/ourmenu/node_modules/.pnpm/@vitest+expect@4.1.9/node_modules/@vitest/expect/dist/index.js:1487:10)\n    at Proxy.<anonymous> (file:///D:/pacy_labs/ourmenu/node_modules/.pnpm/@vitest+expect@4.1.9/node_modules/@vitest/expect/dist/index.js:1156:15)\n    at Proxy.methodWrapper (file:///D:/pacy_labs/ourmenu/node_modules/.pnpm/chai@6.2.2/node_modules/chai/index.js:1700:25)\n    at D:/pacy_labs/ourmenu/__tests__/credits.test.ts:51:23"],"meta":{},"tags":[]},{"ancestorTitles":["Credit System","chargeCredits (Atomic RPC)"],"fullName":"Credit System chargeCredits (Atomic RPC) handles RPC errors properly","status":"failed","title":"handles RPC errors properly","duration":4.803400000004331,"failureMessages":["AssertionError: expected { success: false, …(1) } to deeply equal { success: false, …(1) }\n    at D:/pacy_labs/ourmenu/__tests__/credits.test.ts:68:22"],"meta":{},"tags":[]},{"ancestorTitles":["Credit System","chargeCredits (Atomic RPC)"],"fullName":"Credit System chargeCredits (Atomic RPC) falls back to non-atomic update if RPC is missing","status":"failed","title":"falls back to non-atomic update if RPC is missing","duration":0.7530000000042492,"failureMessages":["AssertionError: expected \"vi.fn()\" to be called with arguments: [ { …(2) } ]\u001b[90m\n\nNumber of calls: \u001b[1m0\u001b[22m\n\u001b[39m\n    at Proxy.<anonymous> (file:///D:/pacy_labs/ourmenu/node_modules/.pnpm/@vitest+expect@4.1.9/node_modules/@vitest/expect/dist/index.js:1487:10)\n    at Proxy.<anonymous> (file:///D:/pacy_labs/ourmenu/node_modules/.pnpm/@vitest+expect@4.1.9/node_modules/@vitest/expect/dist/index.js:1156:15)\n    at Proxy.methodWrapper (file:///D:/pacy_labs/ourmenu/node_modules/.pnpm/chai@6.2.2/node_modules/chai/index.js:1700:25)\n    at D:/pacy_labs/ourmenu/__tests__/credits.test.ts:108:26"],"meta":{},"tags":[]},{"ancestorTitles":["Credit System","refundCredits"],"fullName":"Credit System refundCredits refunds credits successfully","status":"failed","title":"refunds credits successfully","duration":0.6892000000007101,"failureMessages":["AssertionError: expected \"vi.fn()\" to be called with arguments: [ { …(2) } ]\u001b[90m\n\nNumber of calls: \u001b[1m0\u001b[22m\n\u001b[39m\n    at Proxy.<anonymous> (file:///D:/pacy_labs/ourmenu/node_modules/.pnpm/@vitest+expect@4.1.9/node_modules/@vitest/expect/dist/index.js:1487:10)\n    at Proxy.<anonymous> (file:///D:/pacy_labs/ourmenu/node_modules/.pnpm/@vitest+expect@4.1.9/node_modules/@vitest/expect/dist/index.js:1156:15)\n    at Proxy.methodWrapper (file:///D:/pacy_labs/ourmenu/node_modules/.pnpm/chai@6.2.2/node_modules/chai/index.js:1700:25)\n    at D:/pacy_labs/ourmenu/__tests__/credits.test.ts:151:26"],"meta":{},"tags":[]}],"startTime":1784371850528,"endTime":1784371850538.753,"status":"failed","message":"","name":"D:/pacy_labs/ourmenu/__tests__/credits.test.ts"},{"assertionResults":[{"ancestorTitles":["Menu Actions","createCategory"],"fullName":"Menu Actions createCategory returns error when unauthenticated","status":"passed","title":"returns error when unauthenticated","duration":4.049800000000687,"failureMessages":[],"meta":{},"tags":[]},{"ancestorTitles":["Menu Actions","createCategory"],"fullName":"Menu Actions createCategory creates category successfully","status":"failed","title":"creates category successfully","duration":9.726999999998952,"failureMessages":["AssertionError: expected { validationErrors: { …(1) } } to deeply equal { data: { success: true } }\n    at D:/pacy_labs/ourmenu/__tests__/menu-actions.test.ts:65:19\n    at file:///D:/pacy_labs/ourmenu/node_modules/.pnpm/@vitest+runner@4.1.9/node_modules/@vitest/runner/dist/chunk-artifact.js:1903:20"],"meta":{},"tags":[]},{"ancestorTitles":["Menu Actions","createItem"],"fullName":"Menu Actions createItem rejects oversized images","status":"failed","title":"rejects oversized images","duration":25.872800000004645,"failureMessages":["AssertionError: expected { validationErrors: { …(2) } } to deeply equal { Object (serverError) }\n    at D:/pacy_labs/ourmenu/__tests__/menu-actions.test.ts:91:19\n    at file:///D:/pacy_labs/ourmenu/node_modules/.pnpm/@vitest+runner@4.1.9/node_modules/@vitest/runner/dist/chunk-artifact.js:1903:20"],"meta":{},"tags":[]},{"ancestorTitles":["Menu Actions","createItem"],"fullName":"Menu Actions createItem rejects invalid mime types","status":"failed","title":"rejects invalid mime types","duration":1.4490000000005239,"failureMessages":["AssertionError: expected { validationErrors: { …(2) } } to deeply equal { Object (serverError) }\n    at D:/pacy_labs/ourmenu/__tests__/menu-actions.test.ts:108:19\n    at file:///D:/pacy_labs/ourmenu/node_modules/.pnpm/@vitest+runner@4.1.9/node_modules/@vitest/runner/dist/chunk-artifact.js:1903:20"],"meta":{},"tags":[]}],"startTime":1784371856290,"endTime":1784371856331.449,"status":"failed","message":"","name":"D:/pacy_labs/ourmenu/__tests__/menu-actions.test.ts"},{"assertionResults":[{"ancestorTitles":["Paystack B2C Webhook (POST)"],"fullName":"Paystack B2C Webhook (POST) rejects invalid signatures","status":"passed","title":"rejects invalid signatures","duration":6.033299999995506,"failureMessages":[],"meta":{},"tags":[]},{"ancestorTitles":["Paystack B2C Webhook (POST)"],"fullName":"Paystack B2C Webhook (POST) accepts valid signatures and processes charge.success","status":"passed","title":"accepts valid signatures and processes charge.success","duration":3.3523999999888474,"failureMessages":[],"meta":{},"tags":[]},{"ancestorTitles":["Paystack B2C Webhook (POST)"],"fullName":"Paystack B2C Webhook (POST) processes partial payments and leaves status handling to DB trigger","status":"passed","title":"processes partial payments and leaves status handling to DB trigger","duration":0.8821000000025379,"failureMessages":[],"meta":{},"tags":[]}],"startTime":1784371905072,"endTime":1784371905081.882,"status":"passed","message":"","name":"D:/pacy_labs/ourmenu/__tests__/paystack-webhook.test.ts"},{"assertionResults":[{"ancestorTitles":["processCheckout"],"fullName":"processCheckout rejects an empty cart","status":"passed","title":"rejects an empty cart","duration":4.644499999994878,"failureMessages":[],"meta":{},"tags":[]},{"ancestorTitles":["processCheckout"],"fullName":"processCheckout rejects when rate limit is exceeded","status":"passed","title":"rejects when rate limit is exceeded","duration":0.7523999999975786,"failureMessages":[],"meta":{},"tags":[]},{"ancestorTitles":["processCheckout"],"fullName":"processCheckout rejects when client total deviates more than 5% from server total","status":"passed","title":"rejects when client total deviates more than 5% from server total","duration":0.6298000000024331,"failureMessages":[],"meta":{},"tags":[]},{"ancestorTitles":["processCheckout"],"fullName":"processCheckout rejects delivery order that does not meet minimum order amount","status":"passed","title":"rejects delivery order that does not meet minimum order amount","duration":0.6313999999983935,"failureMessages":[],"meta":{},"tags":[]},{"ancestorTitles":["processCheckout"],"fullName":"processCheckout returns orderId for offline pay_after_service order","status":"passed","title":"returns orderId for offline pay_after_service order","duration":1.207300000001851,"failureMessages":[],"meta":{},"tags":[]},{"ancestorTitles":["processCheckout"],"fullName":"processCheckout returns Paystack checkoutUrl for card payment when gateway is active","status":"passed","title":"returns Paystack checkoutUrl for card payment when gateway is active","duration":0.5100000000020373,"failureMessages":[],"meta":{},"tags":[]},{"ancestorTitles":["processCheckout"],"fullName":"processCheckout rolls back the order when stock decrement fails","status":"passed","title":"rolls back the order when stock decrement fails","duration":0.5003999999971711,"failureMessages":[],"meta":{},"tags":[]}],"startTime":1784371859013,"endTime":1784371859022.5005,"status":"passed","message":"","name":"D:/pacy_labs/ourmenu/__tests__/process-checkout.test.ts"},{"assertionResults":[{"ancestorTitles":["StockManagementView"],"fullName":"StockManagementView renders correctly with empty items","status":"passed","title":"renders correctly with empty items","duration":42.37119999999413,"failureMessages":[],"meta":{},"tags":[]},{"ancestorTitles":["StockManagementView"],"fullName":"StockManagementView renders menu items and triggers toggle function on click","status":"passed","title":"renders menu items and triggers toggle function on click","duration":103.27430000000459,"failureMessages":[],"meta":{},"tags":[]}],"startTime":1784371876613,"endTime":1784371876759.2744,"status":"passed","message":"","name":"D:/pacy_labs/ourmenu/__tests__/stock-management-view.test.tsx"},{"assertionResults":[{"ancestorTitles":["paystackProvider"],"fullName":"paystackProvider initiates payment successfully","status":"passed","title":"initiates payment successfully","duration":3.1590999999971245,"failureMessages":[],"meta":{},"tags":[]},{"ancestorTitles":["paystackProvider"],"fullName":"paystackProvider uses test keys when useTestKeys is true","status":"passed","title":"uses test keys when useTestKeys is true","duration":0.5132999999987078,"failureMessages":[],"meta":{},"tags":[]},{"ancestorTitles":["paystackProvider"],"fullName":"paystackProvider validates webhook signatures correctly","status":"passed","title":"validates webhook signatures correctly","duration":14.239399999998568,"failureMessages":[],"meta":{},"tags":[]}],"startTime":1784371859402,"endTime":1784371859420.2395,"status":"passed","message":"","name":"D:/pacy_labs/ourmenu/lib/payments/paystack.test.ts"},{"assertionResults":[{"ancestorTitles":["formatCurrency"],"fullName":"formatCurrency formats NGN correctly","status":"passed","title":"formats NGN correctly","duration":64.13959999999497,"failureMessages":[],"meta":{},"tags":[]},{"ancestorTitles":["formatCurrency"],"fullName":"formatCurrency formats USD correctly","status":"passed","title":"formats USD correctly","duration":0.7386000000042259,"failureMessages":[],"meta":{},"tags":[]},{"ancestorTitles":["formatCurrency"],"fullName":"formatCurrency handles zero correctly","status":"passed","title":"handles zero correctly","duration":0.30460000000311993,"failureMessages":[],"meta":{},"tags":[]},{"ancestorTitles":["formatCurrency"],"fullName":"formatCurrency defaults to NGN if no currency code provided","status":"passed","title":"defaults to NGN if no currency code provided","duration":0.26750000000174623,"failureMessages":[],"meta":{},"tags":[]}],"startTime":1784371854429,"endTime":1784371854494.3047,"status":"passed","message":"","name":"D:/pacy_labs/ourmenu/lib/utils/currency.test.ts"},{"assertionResults":[{"ancestorTitles":["Layout Actions (Branch Switcher)"],"fullName":"Layout Actions (Branch Switcher) should set the active location cookie securely","status":"failed","title":"should set the active location cookie securely","duration":5.06590000000142,"failureMessages":["Error: Your project's URL and Key are required to create a Supabase client!\n\nCheck your Supabase project's API settings to find these values\n\nhttps://supabase.com/dashboard/project/_/settings/api\n    at createServerClient (D:\\pacy_labs\\ourmenu\\node_modules\\.pnpm\\@supabase+ssr@0.10.3_@supabase+supabase-js@2.108.2\\node_modules\\@supabase\\ssr\\dist\\main\\createServerClient.js:12:15)\n    at createClient (D:/pacy_labs/ourmenu/lib/supabase/server.ts:9:10)\n    at Module.setActiveLocationCookie (D:/pacy_labs/ourmenu/app/(dashboard)/layout-actions.ts:7:20)\n    at D:/pacy_labs/ourmenu/app/(dashboard)/__tests__/layout-actions.test.ts:18:5"],"meta":{},"tags":[]}],"startTime":1784371865915,"endTime":1784371865920.066,"status":"failed","message":"","name":"D:/pacy_labs/ourmenu/app/(dashboard)/__tests__/layout-actions.test.ts"},{"assertionResults":[{"ancestorTitles":["Cart Zustand Store"],"fullName":"Cart Zustand Store should add items correctly","status":"passed","title":"should add items correctly","duration":2.2370999999984633,"failureMessages":[],"meta":{},"tags":[]},{"ancestorTitles":["Cart Zustand Store"],"fullName":"Cart Zustand Store should calculate total amounts correctly","status":"passed","title":"should calculate total amounts correctly","duration":0.47770000000309665,"failureMessages":[],"meta":{},"tags":[]},{"ancestorTitles":["Cart Zustand Store"],"fullName":"Cart Zustand Store should handle removing items","status":"passed","title":"should handle removing items","duration":0.5082000000111293,"failureMessages":[],"meta":{},"tags":[]},{"ancestorTitles":["Cart Zustand Store"],"fullName":"Cart Zustand Store should correctly apply and remove discounts","status":"passed","title":"should correctly apply and remove discounts","duration":0.3543999999965308,"failureMessages":[],"meta":{},"tags":[]}],"startTime":1784371859569,"endTime":1784371859572.5083,"status":"passed","message":"","name":"D:/pacy_labs/ourmenu/lib/store/__tests__/cart.test.ts"},{"assertionResults":[{"ancestorTitles":["Payment Provider Abstraction"],"fullName":"Payment Provider Abstraction paystackProvider should format initiate payload correctly","status":"passed","title":"paystackProvider should format initiate payload correctly","duration":4.969499999999243,"failureMessages":[],"meta":{},"tags":[]},{"ancestorTitles":["Payment Provider Abstraction"],"fullName":"Payment Provider Abstraction paystackProvider should handle verification payload correctly","status":"passed","title":"paystackProvider should handle verification payload correctly","duration":1.1379999999990105,"failureMessages":[],"meta":{},"tags":[]}],"startTime":1784371859229,"endTime":1784371859235.138,"status":"passed","message":"","name":"D:/pacy_labs/ourmenu/lib/payments/__tests__/provider.test.ts"},{"assertionResults":[{"ancestorTitles":["Business Type Presets"],"fullName":"Business Type Presets should have valid configurations for all presets","status":"failed","title":"should have valid configurations for all presets","duration":13.679700000000594,"failureMessages":["AssertionError: expected [ 'catalog', 'booking', …(5) ] to include 'portfolio'\n    at Proxy.<anonymous> (file:///D:/pacy_labs/ourmenu/node_modules/.pnpm/@vitest+expect@4.1.9/node_modules/@vitest/expect/dist/index.js:1319:15)\n    at Proxy.<anonymous> (file:///D:/pacy_labs/ourmenu/node_modules/.pnpm/@vitest+expect@4.1.9/node_modules/@vitest/expect/dist/index.js:1156:15)\n    at Proxy.methodWrapper (file:///D:/pacy_labs/ourmenu/node_modules/.pnpm/chai@6.2.2/node_modules/chai/index.js:1700:25)\n    at D:/pacy_labs/ourmenu/lib/templates/__tests__/presets.test.ts:10:89\n    at Array.forEach (<anonymous>)\n    at D:/pacy_labs/ourmenu/lib/templates/__tests__/presets.test.ts:6:42\n    at file:///D:/pacy_labs/ourmenu/node_modules/.pnpm/@vitest+runner@4.1.9/node_modules/@vitest/runner/dist/chunk-artifact.js:302:11\n    at file:///D:/pacy_labs/ourmenu/node_modules/.pnpm/@vitest+runner@4.1.9/node_modules/@vitest/runner/dist/chunk-artifact.js:1903:26\n    at file:///D:/pacy_labs/ourmenu/node_modules/.pnpm/@vitest+runner@4.1.9/node_modules/@vitest/runner/dist/chunk-artifact.js:2326:20\n    at new Promise (<anonymous>)"],"meta":{},"tags":[]},{"ancestorTitles":["Business Type Presets"],"fullName":"Business Type Presets restaurant preset should be correctly configured","status":"passed","title":"restaurant preset should be correctly configured","duration":0.8246999999973923,"failureMessages":[],"meta":{},"tags":[]}],"startTime":1784371850061,"endTime":1784371850075.8247,"status":"failed","message":"","name":"D:/pacy_labs/ourmenu/lib/templates/__tests__/presets.test.ts"},{"assertionResults":[{"ancestorTitles":["Chat API"],"fullName":"Chat API returns 400 if locationId is missing","status":"passed","title":"returns 400 if locationId is missing","duration":11.341499999994994,"failureMessages":[],"meta":{},"tags":[]},{"ancestorTitles":["Chat API"],"fullName":"Chat API enforces session rate limits","status":"passed","title":"enforces session rate limits","duration":21.8637000000017,"failureMessages":[],"meta":{},"tags":[]},{"ancestorTitles":["Chat API"],"fullName":"Chat API rejects if AI is disabled for location","status":"failed","title":"rejects if AI is disabled for location","duration":10.096000000005006,"failureMessages":["AssertionError: expected 200 to be 400 // Object.is equality\n    at D:/pacy_labs/ourmenu/app/api/chat/__tests__/route.test.ts:79:24\n    at file:///D:/pacy_labs/ourmenu/node_modules/.pnpm/@vitest+runner@4.1.9/node_modules/@vitest/runner/dist/chunk-artifact.js:1903:20"],"meta":{},"tags":[]}],"startTime":1784371869310,"endTime":1784371869353.096,"status":"failed","message":"","name":"D:/pacy_labs/ourmenu/app/api/chat/__tests__/route.test.ts"},{"assertionResults":[{"ancestorTitles":["Gamification Spinner Math"],"fullName":"Gamification Spinner Math evaluates top segment at 0 degrees correctly","status":"passed","title":"evaluates top segment at 0 degrees correctly","duration":1.6850999999951455,"failureMessages":[],"meta":{},"tags":[]},{"ancestorTitles":["Gamification Spinner Math"],"fullName":"Gamification Spinner Math evaluates top segment at 90 degrees spin correctly","status":"passed","title":"evaluates top segment at 90 degrees spin correctly","duration":0.2687000000005355,"failureMessages":[],"meta":{},"tags":[]},{"ancestorTitles":["Gamification Spinner Math"],"fullName":"Gamification Spinner Math evaluates top segment at 180 degrees spin correctly","status":"passed","title":"evaluates top segment at 180 degrees spin correctly","duration":0.1908999999941443,"failureMessages":[],"meta":{},"tags":[]},{"ancestorTitles":["Gamification Spinner Math"],"fullName":"Gamification Spinner Math always produces a valid segment index","status":"passed","title":"always produces a valid segment index","duration":46.09889999999723,"failureMessages":[],"meta":{},"tags":[]}],"startTime":1784371855077,"endTime":1784371855125.0989,"status":"passed","message":"","name":"D:/pacy_labs/ourmenu/app/m/[slug]/__tests__/gamification.test.ts"},{"assertionResults":[{"ancestorTitles":["Roulette Pay Randomizer Math","Chaos Mode"],"fullName":"Roulette Pay Randomizer Math Chaos Mode always assigns exactly 100% across all participants","status":"passed","title":"always assigns exactly 100% across all participants","duration":3.2026000000041677,"failureMessages":[],"meta":{},"tags":[]},{"ancestorTitles":["Roulette Pay Randomizer Math","Chaos Mode"],"fullName":"Roulette Pay Randomizer Math Chaos Mode ensures nobody ever pays 0%","status":"passed","title":"ensures nobody ever pays 0%","duration":8.665399999998044,"failureMessages":[],"meta":{},"tags":[]},{"ancestorTitles":["Roulette Pay Randomizer Math","Survivor Mode"],"fullName":"Roulette Pay Randomizer Math Survivor Mode always eliminates down to exactly 1 person paying","status":"passed","title":"always eliminates down to exactly 1 person paying","duration":12.84610000000248,"failureMessages":[],"meta":{},"tags":[]}],"startTime":1784371855343,"endTime":1784371855367.8462,"status":"passed","message":"","name":"D:/pacy_labs/ourmenu/app/m/[slug]/__tests__/roulette.test.ts"},{"assertionResults":[{"ancestorTitles":["Generate Content API"],"fullName":"Generate Content API returns 400 if title is missing","status":"failed","title":"returns 400 if title is missing","duration":32.37080000000424,"failureMessages":["AssertionError: expected 500 to be 400 // Object.is equality\n    at D:/pacy_labs/ourmenu/app/api/ai/generate-content/__tests__/route.test.ts:21:24\n    at file:///D:/pacy_labs/ourmenu/node_modules/.pnpm/@vitest+runner@4.1.9/node_modules/@vitest/runner/dist/chunk-artifact.js:1903:20"],"meta":{},"tags":[]},{"ancestorTitles":["Generate Content API"],"fullName":"Generate Content API calls generateText with correct parameters","status":"failed","title":"calls generateText with correct parameters","duration":3.326499999995576,"failureMessages":["AssertionError: expected undefined to be 'A premium description.' // Object.is equality\n    at D:/pacy_labs/ourmenu/app/api/ai/generate-content/__tests__/route.test.ts:43:23\n    at file:///D:/pacy_labs/ourmenu/node_modules/.pnpm/@vitest+runner@4.1.9/node_modules/@vitest/runner/dist/chunk-artifact.js:1903:20"],"meta":{},"tags":[]}],"startTime":1784371869278,"endTime":1784371869313.3264,"status":"failed","message":"","name":"D:/pacy_labs/ourmenu/app/api/ai/generate-content/__tests__/route.test.ts"}]}
